<?xml version="1.0" encoding="utf-8"?>
<Object>
  // Background
  <Scenery Type="Background" X="0" Y="0" />
  // Character
  <Character Type="Davis" X="48" Y="672" />
  //level begin
  <Item Type="Mushroom" X="48" Y="576" />
  <Block Type="QuestionBlock" X="48" Y="600" />
  <Block Type="HiddenBlock" X="48" Y="450" />
  <Block Type="Brick" X="524" Y="576" />
  <Block Type="Brick" X="548" Y="600" />
  <Block Type="Brick" X="548" Y="600" />
  <Block Type="Brick" X="572" Y="600" />
  <Block Type="Brick" X="596" Y="600" />
  <Enemy Type="Koopa" X="570" Y="555" />
  <Item Type="Star" X="620" Y="576" />
  <Block Type="QuestionBlock" X="620" Y="600" />
  <Block Type="Brick" X="644 " Y="600" />
  <Block Type="Brick" X="668 " Y="576" />
  //1st set of coins
  <Item Type="Coin" X="524" Y="675" />
  <Item Type="Coin" X="558" Y="675" />
  <Item Type="Coin" X="590" Y="675" />
  <Item Type="Coin" X="620" Y="675" />
  <Item Type="Coin" X="653" Y="675" />
  //Pipes
  <Block Type="Pipe" X="700" Y="672" />
  <Enemy Type="Goomba" X="748" Y="690" />
  <Item Type="Flower" X="800" Y="576" />
  <Block Type="Brick" X="800" Y="450" />
  <Item Type="YoshiEgg" X="800" Y="426" />
  <Block Type="QuestionBlock" X="800" Y="600" />
  <Enemy Type="Koopa" X="850" Y="675" />
  <Block Type="Pipe" X="900" Y="672" />
  //STEPS FOR LEVEL

  // STEPS SECTION 1
  // First Layer
  <Block Type="Brick" X="216" Y="696" />
  <Block Type="Brick" X="240" Y="696" />
  <Block Type="Brick" X="264" Y="696" />
  <Block Type="Brick" X="288" Y="696" />
  // Second Layer
  <Block Type="Brick" X="240" Y="672" />
  <Block Type="Brick" X="264" Y="672" />
  <Block Type="Brick" X="288" Y="672" />
  // Third Layer
  <Block Type="Brick" X="264" Y="648" />
  <Block Type="Brick" X="288" Y="648" />
  // Top Layer
  <Block Type="Brick" X="288" Y="624" />
  <Item Type="Coin" X="336" Y="500" />
  // 1st set of steps going down
  // First Layer
  <Block Type="Brick" X="384" Y="696" />
  <Block Type="Brick" X="408" Y="696" />
  <Block Type="Brick" X="432" Y="696" />
  <Block Type="Brick" X="456" Y="696" />
  // Second Layer
  <Block Type="Brick" X="384" Y="672" />
  <Block Type="Brick" X="408" Y="672" />
  <Block Type="Brick" X="432" Y="672" />
  // Third Layer
  <Block Type="Brick" X="384" Y="648" />
  <Block Type="Brick" X="408" Y="648" />
  // Top Layer
  <Block Type="Brick" X="384" Y="624" />




  // Base Block
  <Block Type="MiddleGreenFloor" X='0' Y="744" />
  <Block Type="MiddleGreenFloor" X='0' Y="720" />
  <Block Type="MiddleGreenFloor" X='24' Y="744" />
  <Block Type="MiddleGreenFloor" X='24' Y="720" />
  <Block Type="MiddleGreenFloor" X='48' Y="744" />
  <Block Type="MiddleGreenFloor" X='48' Y="720" />
  <Block Type="MiddleGreenFloor" X='72' Y="744" />
  <Block Type="MiddleGreenFloor" X='72' Y="720" />
  <Block Type="MiddleGreenFloor" X='96' Y="744" />
  <Block Type="MiddleGreenFloor" X='96' Y="720" />
  <Block Type="MiddleGreenFloor" X='120' Y="744" />
  <Block Type="MiddleGreenFloor" X='120' Y="720" />
  <Block Type="MiddleGreenFloor" X='144' Y="744" />
  <Block Type="MiddleGreenFloor" X='144' Y="720" />
  <Block Type="MiddleGreenFloor" X='168' Y="744" />
  <Block Type="MiddleGreenFloor" X='168' Y="720" />
  <Block Type="MiddleGreenFloor" X='192' Y="744" />
  <Block Type="MiddleGreenFloor" X='192' Y="720" />
  <Block Type="MiddleGreenFloor" X='216' Y="744" />
  <Block Type="MiddleGreenFloor" X='216' Y="720" />
  <Block Type="MiddleGreenFloor" X='240' Y="744" />
  <Block Type="MiddleGreenFloor" X='240' Y="720" />
  <Block Type="MiddleGreenFloor" X='264' Y="744" />
  <Block Type="MiddleGreenFloor" X='264' Y="720" />
  <Block Type="MiddleGreenFloor" X='288' Y="744" />
  <Block Type="MiddleGreenFloor" X='288' Y="720" />
  <!--<Block Type="MiddleGreenFloor" X='312' Y="744" />
  <Block Type="MiddleGreenFloor" X='312' Y="720" />
  <Block Type="MiddleGreenFloor" X='336' Y="744" />
  <Block Type="MiddleGreenFloor" X='336' Y="720" />
  <Block Type="MiddleGreenFloor" X='360' Y="744" />
  <Block Type="MiddleGreenFloor" X='360' Y="720" />-->
  <Block Type="MiddleGreenFloor" X='384' Y="744" />
  <Block Type="MiddleGreenFloor" X='384' Y="720" />
  <Block Type="MiddleGreenFloor" X='408' Y="744" />
  <Block Type="MiddleGreenFloor" X='408' Y="720" />
  <Block Type="MiddleGreenFloor" X='432' Y="744" />
  <Block Type="MiddleGreenFloor" X='432' Y="720" />
  <Block Type="MiddleGreenFloor" X='456' Y="744" />
  <Block Type="MiddleGreenFloor" X='456' Y="720" />
  <Block Type="MiddleGreenFloor" X='480' Y="744" />
  <Block Type="MiddleGreenFloor" X='480' Y="720" />
  <Block Type="MiddleGreenFloor" X='504' Y="744" />
  <Block Type="MiddleGreenFloor" X='504' Y="720" />
  <Block Type="MiddleGreenFloor" X='528' Y="744" />
  <Block Type="MiddleGreenFloor" X='528' Y="720" />
  <Block Type="MiddleGreenFloor" X='552' Y="744" />
  <Block Type="MiddleGreenFloor" X='552' Y="720" />
  <Block Type="MiddleGreenFloor" X='576' Y="744" />
  <Block Type="MiddleGreenFloor" X='576' Y="720" />
  <Block Type="MiddleGreenFloor" X='600' Y="744" />
  <Block Type="MiddleGreenFloor" X='600' Y="720" />
  <Block Type="MiddleGreenFloor" X='624' Y="744" />
  <Block Type="MiddleGreenFloor" X='624' Y="720" />
  <Block Type="MiddleGreenFloor" X='648' Y="744" />
  <Block Type="MiddleGreenFloor" X='648' Y="720" />
  <Block Type="MiddleGreenFloor" X='672' Y="744" />
  <Block Type="MiddleGreenFloor" X='672' Y="720" />
  <Block Type="MiddleGreenFloor" X='696' Y="744" />
  <Block Type="MiddleGreenFloor" X='696' Y="720" />
  <Block Type="MiddleGreenFloor" X='720' Y="744" />
  <Block Type="MiddleGreenFloor" X='720' Y="720" />
  <Block Type="MiddleGreenFloor" X='744' Y="744" />
  <Block Type="MiddleGreenFloor" X='744' Y="720" />
  <Block Type="MiddleGreenFloor" X='768' Y="744" />
  <Block Type="MiddleGreenFloor" X='768' Y="720" />
  <Block Type="MiddleGreenFloor" X='792' Y="744" />
  <Block Type="MiddleGreenFloor" X='792' Y="720" />
  <Block Type="MiddleGreenFloor" X='816' Y="744" />
  <Block Type="MiddleGreenFloor" X='816' Y="720" />
  <Block Type="MiddleGreenFloor" X='840' Y="744" />
  <Block Type="MiddleGreenFloor" X='840' Y="720" />
  <Block Type="MiddleGreenFloor" X='864' Y="744" />
  <Block Type="MiddleGreenFloor" X='864' Y="720" />
  <Block Type="MiddleGreenFloor" X='888' Y="744" />
  <Block Type="MiddleGreenFloor" X='888' Y="720" />
  <Block Type="MiddleGreenFloor" X='912' Y="744" />
  <Block Type="MiddleGreenFloor" X='912' Y="720" />
  <Block Type="MiddleGreenFloor" X='936' Y="744" />
  <Block Type="MiddleGreenFloor" X='936' Y="720" />
  <Block Type="MiddleGreenFloor" X='960' Y="744" />
  <Block Type="MiddleGreenFloor" X='960' Y="720" />
  <Block Type="MiddleGreenFloor" X='984' Y="744" />
  <Block Type="MiddleGreenFloor" X='984' Y="720" />
  <Block Type="MiddleGreenFloor" X='1008' Y="744" />
  <Block Type="MiddleGreenFloor" X='1008' Y="720" />
  <Block Type="MiddleGreenFloor" X='1032' Y="744" />
  
  
</Object>